iC-86  COMPILER   PLAYMP3                                                                    06/12/:8 02:13:41  PAGE   1


DOS 5.0 (038-N) iC-86 COMPILER V4.0, COMPILATION OF MODULE PLAYMP3
OBJECT MODULE PLACED IN PLAYMP3.OBJ
COMPILER INVOKED BY: C:\ASMSTU~1\IC86.EXE PLAYMP3.C DEBUG EXTEND MOD186 SMALL OPTIMIZE(0) ROM

 line level  incl 

    1             /****************************************************************************/
    2             /*                                                                          */
    3             /*                                 PLAYMP3                                  */
    4             /*                              Play Functions                              */
    5             /*                           MP3 Jukebox Project                            */
    6             /*                                EE/CS  52                                 */
    7             /*                                                                          */
    8             /****************************************************************************/
    9             
   10             /*
   11                This file contains the key processing and update functions for the Play
   12                operations of the MP3 Jukebox Project.  These functions take care of
   13                processing an input key (from the keypad) and updates for the Play
   14                operation.  They are called by the main loop of the MP3 Jukebox.  The
   15                functions included are:
   16                   begin_Play         - start playing from fast forward or reverse (key
   17                                        processing function)
   18                   begin_RptPlay      - start repeatedly playing from fast forward or
   19                                        reverse (key processing function)
   20                   cont_RptPlay       - switch to repeat play from standard play (key
   21                                        processing function)
   22                   start_Play         - begin playing the current track (key processing
   23                                        function)
   24                   start_RptPlay      - begin repeatedly playing the current track (key
   25                                        processing function)
   26                   stop_Play          - stop when playing (key processing function)
   27                   update_Play        - update function for play and repeat play (update
   28                                        function)
   29             
   30                The local functions included are:
   31                   init_Play          - actually start playing a track
   32             
   33                The locally global variable definitions included are:
   34                   buffers        - buffers for playing
   35                   empty_buffer   - buffer used for audio I/O when have no data available
   36                   current_buffer - which buffer is currently being played
   37                   play_time      - current time of play operation
   38                   rpt_play       - flag indicating doing repeat play instead of play
   39             
   40             
   41                Revision History
   42                   6/5/00   Glen George       Initial revision (from 3/6/99 version of
   43                                              playrec.c for the Digital Audio Recorder
   44                                              Project).
   45                   6/7/00   Glen George       Fixed calls to get_track_position() in
   46                                              init_Play and update_Play to call
   47                                              get_track_block_position() instead and
   48                                              fixed the size of some variables.
   49                   6/7/00   Glen George       Call elapsed_time() in init_Play() to reset
   50                                              the play timing.
   51                   6/14/00  Glen George       "Fix" arithmetic in init_Play() so it
iC-86  COMPILER   PLAYMP3                                                                    06/12/:8 02:13:41  PAGE   2


   52                                              actually does long int calculations.
   53                   6/14/00  Glen George       Fix buffer wrapping error in update_Play().
   54                   6/14/00  Glen George       Updated type casts on buffers[].p in
   55                                              init_Play() and changed empty_buffer type to
   56                                              match that of buffers[].p.
   57                   6/2/02   Glen George       Removed calls to ffrev_halt() in begin_Play()
   58                                              and begin_RptPlay() since they are no longer
   59                                              needed and the function no longer exists.
   60                   6/2/02   Glen George       Output the absolute value of the time in
   61                                              update_Play() so tracks with unknown length
   62                                              will automatically count up in time.  Also
   63                                              requires that stdlib.h be included.
   64                   6/2/02   Glen George       Use MAKE_FARPTR macro instead of inline code
   65                                              to create far pointers.
   66                   6/2/02   Glen George       Use size_t instead of int for array indices.
   67                   6/2/02   Glen George       Updated comments.
   68                   6/10/02  Glen George       Added use of SECTOR_ADJUST constant for
   69                                              dealing with hard drives with different
   70                                              geometries.
   71                   6/5/03   Glen George       Updated start_Play and start_RptPlay to
   72                                              handle FAT directory structures by checking
   73                                              if the current track is a directory or a
   74                                              song (file).
   75                   6/5/03   Glen George       Added #include of fatutil.h for function
   76                                              declarations needed by above change.
   77                   6/5/03   Glen George       Updated function headers.
   78                   6/5/03   Glen George       Added support for the PC simulation version
   79                                          in init_Play, stop_Play, and update_Play
   80                              (allocate/deallocate memory instead of
   81                              assuming DRAM).
   82                   6/9/05   Glen George       Fixed a minor bug in update_Play that caused
   83                                              repeat play to "stutter" at the start of the
   84                                              track when repeating.
   85                   4/29/06  Glen George       Removed inclusion of stdlib.h - it's handled
   86                                              by mp3defs.h now.
   87                   4/29/06  Glen George       Changed buffers to be short ints instead of
   88                                              chars.
   89                   6/4/06   Glen George       Fixed allocated buffer size to match the fact
   90                                              that buffers are short ints, not chars.
   91                   6/6/06   Glen George       Made allocation buffer sizes more portable
   92                                              and fixed more byte/word problems.
   93                   6/6/06   Glen George       Unrolled part of a loop to fix a possible
   94                                              compiler issue with gcc.
   95                   6/6/06   Glen George       Added a temporary variable to fix a possible
   96                                          compiler issue with gcc.
   97                   6/6/06   Glen George       Updated comments.
   98             */
   99             
  100             
  101             
  102             /* library include files */
  103             #ifdef  PCVERSION
                  #endif
  106             
  107             /* local include files */
  108             #include  "mp3defs.h"
  109             #include  "keyproc.h"
iC-86  COMPILER   PLAYMP3                                                                    06/12/:8 02:13:41  PAGE   3


  110             #include  "updatfnc.h"
  111             #include  "trakutil.h"
  112             #include  "fatutil.h"
  113             
  114             
  115             
  116             
  117             /* local definitions */
  118               /* none */
  119             
  120             
  121             
  122             
  123             /* local function declarations */
  124             enum status  init_Play(enum status);            /* initialize playing */
  125             
  126             
  127             
  128             
  129             /* locally global variables */
  130             static struct audio_buf          buffers[NO_BUFFERS];/* buffers to play */
  131             static unsigned short int  far  *empty_buffer;       /* empty (no data) buffer */
  132             static int                       current_buffer;     /* buffer currently playing */
  133             
  134             static long int                  play_time;          /* time for play operation */
  135             static int                       rpt_play;           /* doing repeat play */
  136             
  137             
  138             
  139             
  140             /*
  141                start_Play
  142             
  143                Description:      This function handles the <Play> key when nothing is
  144                                  happening in the system.  If the current entry is a
  145                                  directory, that directory is entered.  If it is a song,
  146                                  it starts playing the track at the current position.  If
  147                                  there is no time remaining on the track (it is at the
  148                                  end) of if the current entry is a directory, the function
  149                                  returns with the passed status as the current state,
  150                                  otherwise it returns the play state as the current state.
  151             
  152                Arguments:        cur_status (enum status) - the current system status.
  153                Return Value:     (enum status) - the new system status: STAT_PLAY if there
  154                                  is something to play on the track, the passed status
  155                                  otherwise.
  156             
  157                Input:            None.
  158                Output:           None.
  159             
  160                Error Handling:   None.
  161             
  162                Algorithms:       None.
  163                Data Structures:  None.
  164             
  165                Shared Variables: rpt_play - set to FALSE.
  166             
iC-86  COMPILER   PLAYMP3                                                                    06/12/:8 02:13:41  PAGE   4


  167                Author:           Glen George
  168                Last Modified:    June 5, 2003
  169             
  170             */
  171             
  172             enum status  start_Play(enum status cur_status)
  173             {
  174     1           /* variables */
  175     1             /* none */
  176     1       
  177     1       
  178     1       
  179     1           /* check if we are on a directory or a song */
  180     1           if (cur_isDir())  {
  181     2       
  182     2               /* is a directory - move into it */
  183     2               if (!get_first_dir_entry(get_cur_file_sector()))
  184     2                   /* successfully got the new entry, load its data */
  185     2                   setup_cur_track_info();
  186     2               else
  187     2                   /* there was an error - load error track information */
  188     2                   setup_error_track_info();
  189     2       
  190     2               /* display the track information for this track */
  191     2               display_time(get_track_time());
  192     2               display_title(get_track_title());
  193     2               display_artist(get_track_artist());
  194     2           }
  195     1           else  {
  196     2       
  197     2               /* it's a song so set global flag to normal play (not repeat play) */
  198     2               rpt_play = FALSE;
  199     2       
  200     2               /* and start playing and update the status */
  201     2               cur_status = init_Play(cur_status);
  202     2           }
  203     1       
  204     1       
  205     1           /* return the new status */
  206     1           return  cur_status;
  207     1       
  208     1       }
  209             
  210             
  211             
  212             
  213             /*
  214                start_RptPlay
  215             
  216                Description:      This function handles the <Repeat Play> key when nothing
  217                                  is happening in the system.  If the current track is a
  218                                  song it starts playing the track at the current position.
  219                                  If there is no time remaining on the track (for example,
  220                                  it was fast forwarded) the track is started from the
  221                                  beginning.  If the track is empty or a directory, nothing
  222                                  is played and the function returns the passed status.
  223             
iC-86  COMPILER   PLAYMP3                                                                    06/12/:8 02:13:41  PAGE   5


  224                Arguments:        cur_status (enum status) - the current system status.
  225                Return Value:     (enum status) - the new status: STAT_PLAY if there is
  226                                  something on the track, the passed status otherwise.
  227             
  228                Input:            None.
  229                Output:           None.
  230             
  231                Error Handling:   None.
  232             
  233                Algorithms:       None.
  234                Data Structures:  None.
  235             
  236                Shared Variables: rpt_play - set to TRUE.
  237             
  238                Author:           Glen George
  239                Last Modified:    June 5, 2003
  240             
  241             */
  242             
  243             enum status  start_RptPlay(enum status cur_status)
  244             {
  245     1           /* variables */
  246     1             /* none */
  247     1       
  248     1       
  249     1       
  250     1           /* check if this is a directory or a song */
  251     1           if (!cur_isDir())  {
  252     2       
  253     2               /* not a directory, must be a song, so play it */
  254     2       
  255     2               /* set global flags to repeat play */
  256     2               rpt_play = TRUE;
  257     2       
  258     2               /* now start playing and get the status */
  259     2               cur_status = init_Play(cur_status);
  260     2           }
  261     1       
  262     1       
  263     1           /* return with the possibly new status */
  264     1           return  cur_status;
  265     1       
  266     1       }
  267             
  268             
  269             
  270             
  271             /*
  272                cont_RptPlay
  273             
  274                Description:      This function handles the <Repeat Play> key when already
  275                                  playing a track.  It just changes the locally global
  276                                  variable rpt_play (to TRUE indicating doing repeat play).
  277                                  The update function takes care of restarting the track at
  278                                  the end of the track.
  279             
  280                Arguments:        cur_status (enum status) - the current system status (not
iC-86  COMPILER   PLAYMP3                                                                    06/12/:8 02:13:41  PAGE   6


  281                                                             used).
  282                Return Value:     (enum status) - the new system status (STAT_PLAY).
  283             
  284                Input:            None.
  285                Output:           None.
  286             
  287                Error Handling:   None.
  288             
  289                Algorithms:       None.
  290                Data Structures:  None.
  291             
  292                Shared Variables: rpt_play - set to TRUE (doing repeat play).
  293             
  294                Author:           Glen George
  295                Last Modified:    Mar. 11, 1995
  296             
  297             */
  298             
  299             enum status  cont_RptPlay(enum status cur_status)
  300             {
  301     1           /* variables */
  302     1             /* none */
  303     1       
  304     1       
  305     1       
  306     1           /* now doing repeat play */
  307     1           rpt_play = TRUE;
  308     1       
  309     1       
  310     1           /* done setting up for repeat play - return the status (STAT_PLAY) */
  311     1           return  STAT_PLAY;
  312     1       
  313     1       }
  314             
  315             
  316             
  317             
  318             /*
  319                begin_Play
  320             
  321                Description:      This function handles the <Play> key when fast forwarding
  322                                  or reversing.  It turns off the fast forward or reverse
  323                                  operation and then starts playing the track at the
  324                                  current position.
  325             
  326                Arguments:        cur_status (enum status) - the current system status (not
  327                                                             used).
  328                Return Value:     (enum status) - the new system status (actually returned
  329                                  by start_Play, either STAT_IDLE if at the end of the
  330                                  track, or STAT_PLAY otherwise).
  331             
  332                Input:            None.
  333                Output:           None.
  334             
  335                Error Handling:   None.
  336             
  337                Algorithms:       None.
iC-86  COMPILER   PLAYMP3                                                                    06/12/:8 02:13:41  PAGE   7


  338                Data Structures:  None.
  339             
  340                Shared Variables: None.
  341             
  342                Author:           Glen George
  343                Last Modified:    June 2, 2002
  344             
  345             */
  346             
  347             enum status  begin_Play(enum status cur_status)
  348             {
  349     1           /* variables */
  350     1             /* none */
  351     1       
  352     1       
  353     1       
  354     1           /* start playing, returning the appropriate status */
  355     1           /* note: fast forward or reverse is turned off by change of state */
  356     1           /* note: want to return to idle state if at the end of the track */
  357     1           return  start_Play(STAT_IDLE);
  358     1       
  359     1       }
  360             
  361             
  362             
  363             
  364             /*
  365                begin_RptPlay
  366             
  367                Description:      This function handles the <Repeat Play> key when fast
  368                                  forwarding or reversing.  It turns off the fast forward
  369                                  or reverse operation and then starts playing the track at
  370                                  the current position (time).
  371             
  372                Arguments:        cur_status (enum status) - the current system status (not
  373                                                             used).
  374                Return Value:     (enum status) - the new status (actually returned by
  375                                  start_RptPlay, either STAT_IDLE if the track is empty, or
  376                                  STAT_PLAY otherwise).
  377             
  378                Input:            None.
  379                Output:           None.
  380             
  381                Error Handling:   None.
  382             
  383                Algorithms:       None.
  384                Data Structures:  None.
  385             
  386                Shared Variables: None.
  387             
  388                Author:           Glen George
  389                Last Modified:    June 2, 2002
  390             
  391             */
  392             
  393             enum status  begin_RptPlay(enum status cur_status)
  394             {
iC-86  COMPILER   PLAYMP3                                                                    06/12/:8 02:13:41  PAGE   8


  395     1           /* variables */
  396     1             /* none */
  397     1       
  398     1       
  399     1       
  400     1           /* now start repeat playing, returning the appropriate status */
  401     1           /* note: fast forward or reverse is turned off by change of state */
  402     1           /* note: want to return to idle state if nothing on the track */
  403     1           return  start_RptPlay(STAT_IDLE);
  404     1       
  405     1       }
  406             
  407             
  408             
  409             
  410             /*
  411                stop_Play
  412             
  413                Description:      This function handles the <Stop> key when playing.  It
  414                                  halts the audio system, resets the track to the start of
  415                                  the track, and changes the current status to idle.
  416             
  417                Arguments:        cur_status (enum status) - the current system status (not
  418                                                             used).
  419                Return Value:     (enum status) - the new status (STAT_IDLE).
  420             
  421                Input:            None.
  422                Output:           The new track time (the track length) is output.
  423             
  424                Error Handling:   None.
  425             
  426                Algorithms:       None.
  427                Data Structures:  None.
  428             
  429                Shared Variables: None.
  430             
  431                Author:           Glen George
  432                Last Modified:    June 5, 2003
  433             
  434             */
  435             
  436             enum status  stop_Play(enum status cur_status)
  437             {
  438     1           /* variables */
  439     1       #ifdef  PCVERSION
                  #else
  442     1           /* none */
  443     1       #endif
  444     1       
  445     1       
  446     1       
  447     1           /* first halt the audio output */
  448     1           audio_halt();
  449     1       
  450     1           /* if the PC version need to free memory */
  451     1       #ifdef PCVERSION
                  #endif
iC-86  COMPILER   PLAYMP3                                                                    06/12/:8 02:13:41  PAGE   9


  458     1       
  459     1           /* reset to the start of the current track */
  460     1           init_track();
  461     1       
  462     1           /* display the new track time */
  463     1           display_time(get_track_time());
  464     1       
  465     1       
  466     1           /* return with the new status */
  467     1           return  STAT_IDLE;
  468     1       
  469     1       }
  470             
  471             
  472             enum status  pause_Play(enum status cur_status)
  473             {
  474     1           /* variables */
  475     1       #ifdef  PCVERSION
                  #else
  478     1           /* none */
  479     1       #endif
  480     1       
  481     1       
  482     1       
  483     1           /* first halt the audio output */
  484     1           audio_halt();
  485     1       
  486     1       
  487     1           /* if the PC version need to free memory */
  488     1       #ifdef PCVERSION
                  #endif
  495     1       
  496     1           /* return with the new status */
  497     1           return  STAT_IDLE;
  498     1       
  499     1       }
  500             
  501             
  502             /*
  503                init_Play
  504             
  505                Description:      This function handles starting a track playing for the
  506                                  <Play> and <Repeat Play> keys.  It starts playing the
  507                                  track at the current position.  If there is no time
  508                                  remaining on the track (for example, it is at the end)
  509                                  the function returns with the current status, otherwise
  510                                  it returns with the status set to STAT_PLAY.
  511             
  512                Arguments:        cur_status (enum status) - the current system status.
  513                Return Value:     (enum status) - the new system status: STAT_PLAY if there
  514                                  is something to play on the track, the passed status
  515                                  otherwise.
  516             
  517                Input:            None.
  518                Output:           The new time for the track is output to the display.
  519             
  520                Error Handling:   None.
iC-86  COMPILER   PLAYMP3                                                                    06/12/:8 02:13:41  PAGE  10


  521             
  522                Algorithms:       None.
  523                Data Structures:  None.
  524             
  525                Shared Variables: buffers        - initialized with data.
  526                                  empty_buffer   - filled with NO_MP3_DATA signal.
  527                                  current_buffer - set to first buffer (0).
  528                                  play_time      - set to the current track time.
  529                                  rpt_play       - used to determine normal or repeat play.
  530             
  531                Author:           Glen George
  532                Last Modified:    June 6, 2006
  533             
  534             */
  535             
  536             static  enum status  init_Play(enum status cur_status)
  537             {
  538     1           /* variables */
  539     1           int           blocks_to_read;       /* number of blocks to read */
  540     1           int           blocks_read;          /* blocks actually read from disk */
  541     1           int           tot_blocks_read = 0;  /* total number of blocks read */
  542     1       
  543     1           long int      bytes_left;           /* bytes left in the track */
  544     1       
  545     1           int           have_buffer = FALSE;  /* have a buffer with data */
  546     1           int           end_track = FALSE;    /* at the end of the track */
  547     1       
  548     1           unsigned int  tmp;                  /* temporary variable for intermediate results */
  549     1                                               /*    (seems to fix a compiler bug) */
  550     1       
  551     1           int           i;                    /* loop index */
  552     1       
  553     1       
  554     1       
  555     1           /* first initialize the buffer pointers and buffer structure */
  556     1           for (i = 0; i < NO_BUFFERS; i++)  {
  557     2               /* nothing in the buffer, it isn't the end, and point to DRAM */
  558     2               buffers[i].size = 0;
  559     2               buffers[i].done = FALSE;
  560     2           }
  561     1       
  562     1           /* allocate the buffer (remember it is words (short ints) */
  563     1           /* unroll the loop to workaround a possible compiler problem */
  564     1       #ifdef  PCVERSION
                  #else
  570     1           buffers[0].p    = (unsigned short int far *) MAKE_FARPTR(DRAM_STARTSEG, 0UL);
  571     1           buffers[1].p    = (unsigned short int far *) MAKE_FARPTR(DRAM_STARTSEG, 1UL * BUFFER_SIZE * sizeof
                -(short int));
  572     1           buffers[2].p    = (unsigned short int far *) MAKE_FARPTR(DRAM_STARTSEG, 2UL * BUFFER_SIZE * sizeof
                -(short int));
  573     1       #endif
  574     1       
  575     1           /* need to setup empty buffer too */
  576     1           /* first the pointer */
  577     1       #ifdef  PCVERSION
                  #else
  581     1           empty_buffer = (unsigned short int far *) MAKE_FARPTR(DRAM_STARTSEG, (unsigned long int) NO_BUFFER
iC-86  COMPILER   PLAYMP3                                                                    06/12/:8 02:13:41  PAGE  11


                -S * BUFFER_SIZE);
  582     1       #endif
  583     1           /* now fill it */
  584     1           for (i = 0; i < BUFFER_SIZE; i++)
  585     1               empty_buffer[i] = NO_MP3_DATA;
  586     1       
  587     1       
  588     1           /* now setup the playing time */
  589     1           play_time = get_track_time() * TIME_SCALE;
  590     1       
  591     1       
  592     1           /* now get the two buffers for the track from the disk */
  593     1           for (i = 0 ; (i < 2); i++)  {
  594     2       
  595     2               /* first check if at end of track */
  596     2               if (get_track_remaining_length() == 0)  {
  597     3                   /* at end of track - check if repeat playing */
  598     3                   if (rpt_play)  {
  599     4                       /* at end and repeat playing - restart at beginning */
  600     4                       init_track();
  601     4                       /* need to reset total number of blocks read for track too */
  602     4                       tot_blocks_read = 0;
  603     4                   }
  604     3                   else  {
  605     4                       /* at end, but not repeating, so set flag */
  606     4                       end_track = TRUE;
  607     4                   }
  608     3               }
  609     2       
  610     2               /* if not at end, read the blocks for this buffer */
  611     2               if (!end_track)  {
  612     3       
  613     3                   /* compute the number of blocks to read (block size is in words) */
  614     3                   bytes_left = get_track_remaining_length() - (2 * IDE_BLOCK_SIZE * tot_blocks_read);
  615     3                   blocks_to_read = (bytes_left + (2 * IDE_BLOCK_SIZE - 1)) / (2 * IDE_BLOCK_SIZE);
  616     3                   /* but only read up to BUFFER_BLOCKS blocks */
  617     3                   if (blocks_to_read > BUFFER_BLOCKS)
  618     3                       blocks_to_read = BUFFER_BLOCKS;
  619     3       
  620     3                   /* now read the blocks */
  621     3                   blocks_read = get_blocks(get_track_block_position() + tot_blocks_read + SECTOR_ADJUST, blo
                -cks_to_read, buffers[i].p);
  622     3       
  623     3                   /* check if read anything */
  624     3                   if (blocks_read > 0)  {
  625     4                       /* did read something, store how much (in words, not bytes) */
  626     4                       if (bytes_left >= (2 * IDE_BLOCK_SIZE * blocks_read))
  627     4                           /* all of the blocks are data */
  628     4                           tmp = blocks_read * IDE_BLOCK_SIZE;
  629     4                       else
  630     4                           /* remember the buffer size is in words */
  631     4                           tmp = (bytes_left + 1) / 2;
  632     4                       /* now store the buffer size */
  633     4                       buffers[i].size = tmp;
  634     4                       /* also set the flag that we read data */
  635     4                       have_buffer = TRUE;
  636     4                   }
iC-86  COMPILER   PLAYMP3                                                                    06/12/:8 02:13:41  PAGE  12


  637     3                   else  {
  638     4                       /* couldn't read anything, it is the end of the track */
  639     4                       end_track = TRUE;
  640     4                   }
  641     3       
  642     3                   /* update number of blocks read so far */
  643     3                   tot_blocks_read += blocks_read;
  644     3               }
  645     2       
  646     2               /* if at the end of the track need to play the empty buffer */
  647     2               if (end_track)  {
  648     3                   buffers[i].size = BUFFER_SIZE;
  649     3                   buffers[i].done = TRUE;
  650     3                   buffers[i].p = empty_buffer;
  651     3               }
  652     2           }
  653     1       
  654     1       
  655     1           /* got a buffer, start the audio output if there is anything to output */
  656     1           if (have_buffer)  {
  657     2               /* have audio data - play it */
  658     2               audio_play(buffers[0].p, buffers[0].size);
  659     2               /* on the first buffer */
  660     2               current_buffer = 0;
  661     2               /* also update the time display */
  662     2               display_time(play_time / TIME_SCALE);
  663     2               /* and reset the elapsed time */
  664     2               elapsed_time();
  665     2           }
  666     1       
  667     1       
  668     1           /* finally, return with the proper status */
  669     1           if (have_buffer)
  670     1               /* have something to play - return with play status */
  671     1               return  STAT_PLAY;
  672     1           else
  673     1               /* empty track - return with status unchanged */
  674     1               return  cur_status;
  675     1       
  676     1       }
  677             
  678             
  679             
  680             
  681             /*
  682                update_Play
  683             
  684                Description:      This function handles updates when playing or repeat
  685                                  playing.  It first checks if it is time for an update (by
  686                                  calling the function update) and if so it gets the next
  687                                  buffer to output and updates the time as is appropriate.
  688                                  When it reaches the end of the track (when not in repeat
  689                                  play mode) it uses the empty_buffer, which was previously
  690                                  filled with NO_MP3_DATA signal, to fill out the track and
  691                                  make sure all of the "good" signal has made it all the
  692                                  way through the pipeline.
  693             
iC-86  COMPILER   PLAYMP3                                                                    06/12/:8 02:13:41  PAGE  13


  694                Arguments:        cur_status (enum status) - the current system status.
  695                Return Value:     (enum status) - the new system status: STAT_IDLE if have
  696                                  finished with the track, the passed status otherwise.
  697             
  698                Input:            None.
  699                Output:           The new time for the track is output to the display.
  700             
  701                Error Handling:   None.
  702             
  703                Algorithms:       None.
  704                Data Structures:  None.
  705             
  706                Shared Variables: buffers        - used for track data and filled.
  707                                  empty_buffer   - output at the end of the track.
  708                                  current_buffer - set to the buffer now being played.
  709                                  play_time      - updated to the time the track has left
  710                                                   to play.
  711                                  rpt_play       - accessed to determine normal or repeat
  712                                                   play mode.
  713             
  714                Author:           Glen George
  715                Last Modified:    June 6, 2006
  716             
  717             */
  718             
  719             enum status  update_Play(enum status cur_status)
  720             {
  721     1           /* variables */
  722     1           long int  old_play_time = play_time;    /* previous time value */
  723     1       
  724     1           int       next_buffer;                  /* next buffer to play */
  725     1           int       previous_buffer;              /* buffer that just finished */
  726     1           int       fill_buffer;                  /* next buffer to fill */
  727     1       
  728     1           long int  start_pos;                    /* starting position for read */
  729     1           int       blocks_to_read;               /* number of blocks to read */
  730     1           int       blocks_read;                  /* blocks actually read from disk */
  731     1       
  732     1           long int  bytes_left;                   /* bytes left in the track */
  733     1           long int  words_read;                   /* words read and waiting to play */
  734     1       
  735     1           int       end_play = FALSE;             /* done playing (out of data) */
  736     1       
  737     1       #ifdef  PCVERSION
                  #endif
  740     1       
  741     1       
  742     1       
  743     1           /* figure out the next buffer */
  744     1           next_buffer = current_buffer + 1;
  745     1           /* check if wrapping around the end of the buffers */
  746     1           if (next_buffer >= NO_BUFFERS)
  747     1               next_buffer -= NO_BUFFERS;
  748     1       
  749     1       
  750     1           /* check if it is time to do an update */
  751     1           if (update(buffers[next_buffer].p, buffers[next_buffer].size))  {
iC-86  COMPILER   PLAYMP3                                                                    06/12/:8 02:13:41  PAGE  14


  752     2       
  753     2               /* system was ready for the buffer - need to do an update */
  754     2       
  755     2               /* update the track position */
  756     2               /* get the buffer that just finished */
  757     2               previous_buffer = current_buffer - 1;
  758     2               /* take care of wrapping around start of array */
  759     2               if (previous_buffer < 0)
  760     2                   previous_buffer += NO_BUFFERS;
  761     2               /* now update the position if not starting over on a repeat play */
  762     2               /* this is necessary because previous_buffer and/or current_buffer */
  763     2               /* could be from the last iteration of the repeat play */
  764     2               if (!(buffers[previous_buffer].done || buffers[current_buffer].done))
  765     2                   /* not finishing an iteration - update the position */
  766     2                   /* remember that buffer size is in words and track position is */
  767     2                   /* maintained in bytes */
  768     2                   update_track_position(2 * buffers[previous_buffer].size);
  769     2       
  770     2               /* check if at the end of the track (if now outputting done buffer */
  771     2               /* this guarantees last buffer with data has been output) */
  772     2               if (buffers[current_buffer].done && !rpt_play)  {
  773     3       
  774     3                   /* done with this track - turn off audio output */
  775     3                   audio_halt();
  776     3       
  777     3                   /* if the PC version need to free memory */
  778     3       #ifdef  PCVERSION
                  #endif
  785     3       
  786     3                   /* reset to start of track */
  787     3                   init_track();
  788     3       
  789     3                   /* set status back to idle */
  790     3                   cur_status = STAT_IDLE;
  791     3               }
  792     2               else  {
  793     3       
  794     3                   /* not done playing */
  795     3       
  796     3                   /* get the next buffer to fill */
  797     3                   fill_buffer = current_buffer + 2;
  798     3                   /* watch out for wrapping */
  799     3                   if (fill_buffer >= NO_BUFFERS)
  800     3                       fill_buffer -= NO_BUFFERS;
  801     3       
  802     3                   /* attempt to get another buffer */
  803     3       
  804     3                   /* first figure out where the buffer is and how big it is */
  805     3                   /* the next buffer has to be part of the newest iteration */
  806     3                   words_read = buffers[next_buffer].size;
  807     3                   /* only include the current buffer if it wasn't the end of the previous iteration */
  808     3                   if (!(buffers[current_buffer].done))
  809     3                       words_read += buffers[current_buffer].size;
  810     3                   /* now compute the number of bytes left and starting position */
  811     3                   bytes_left = get_track_remaining_length() - (2 * words_read);
  812     3                   start_pos = get_track_block_position() + (words_read / IDE_BLOCK_SIZE);
  813     3       
iC-86  COMPILER   PLAYMP3                                                                    06/12/:8 02:13:41  PAGE  15


  814     3                   /* check if out of data */
  815     3                   if (bytes_left <= 0)  {
  816     4                       /* nothing left to play, check if repeating */
  817     4                       if (rpt_play)  {
  818     5                           /* repeating, so can reinitialize the track */
  819     5                           init_track();
  820     5                           /* and recompute the number of bytes left */
  821     5                           bytes_left = get_track_remaining_length();
  822     5                           /* and the starting position */
  823     5                           start_pos = get_track_block_position();
  824     5                           /* the block just sent was last one of the iteration */
  825     5                           buffers[next_buffer].done = TRUE;
  826     5                       }
  827     4                       else  {
  828     5                           /* not repeating, we're done */
  829     5                           end_play = TRUE;
  830     5                       }
  831     4                   }
  832     3       
  833     3                   /* if still playing, can get the data */
  834     3                   if (!end_play)  {
  835     4       
  836     4                       /* compute the number of blocks to read */
  837     4                       blocks_to_read = (bytes_left + (2 * IDE_BLOCK_SIZE - 1)) / (2 * IDE_BLOCK_SIZE);
  838     4                       /* but only read up to BUFFER_BLOCKS blocks */
  839     4                       if (blocks_to_read > BUFFER_BLOCKS)
  840     4                           blocks_to_read = BUFFER_BLOCKS;
  841     4       
  842     4                       /* now read the blocks */
  843     4                       blocks_read = get_blocks(start_pos + SECTOR_ADJUST, blocks_to_read, buffers[fill_buffe
                -r].p);
  844     4       
  845     4                       /* check if read anything */
  846     4                       if (blocks_read > 0)  {
  847     5                           /* did read something, store how much (words, not bytes) */
  848     5                           if (bytes_left >= (2 * IDE_BLOCK_SIZE * blocks_read))
  849     5                               /* all of the blocks are data */
  850     5                               buffers[fill_buffer].size = blocks_read * IDE_BLOCK_SIZE;
  851     5                           else
  852     5                               /* only play the real data */
  853     5                               /* remember that buffer sizes are in words, not bytes */
  854     5                               buffers[fill_buffer].size = (bytes_left + 1) / 2;
  855     5                           /* this block is not the last one */
  856     5                           buffers[fill_buffer].done = FALSE;
  857     5                       }
  858     4                       else  {
  859     5                           /* couldn't read anything, it is the end of the track */
  860     5                           end_play = TRUE;
  861     5                       }
  862     4                   }
  863     3       
  864     3                   /* if at the end of play, need to play the empty buffer */
  865     3                   if (end_play)  {
  866     4                       buffers[fill_buffer].p = empty_buffer;
  867     4                       buffers[fill_buffer].size = BUFFER_SIZE;
  868     4                       buffers[fill_buffer].done = TRUE;
  869     4                   }
iC-86  COMPILER   PLAYMP3                                                                    06/12/:8 02:13:41  PAGE  16


  870     3       
  871     3       
  872     3                   /* finally, update the current buffer */
  873     3                   current_buffer = next_buffer;
  874     3               }
  875     2           }
  876     1       
  877     1       
  878     1           /* always update the displayed time */
  879     1       
  880     1           /* get the elapsed time */
  881     1           play_time -= elapsed_time();
  882     1           /* see if we need to update the display */
  883     1           if ((play_time / TIME_SCALE) != (old_play_time / TIME_SCALE))
  884     1               /* the time has changed - update the display */
  885     1               display_time(abs(play_time / TIME_SCALE));
  886     1       
  887     1       
  888     1           /* done with update, return possibly new status */
  889     1           return  cur_status;
  890     1       
  891     1       }



MODULE INFORMATION:

     CODE AREA SIZE               = 0662H   1634D
     CONSTANT AREA SIZE           = 0000H      0D
     DATA AREA SIZE               = 0024H     36D
     MAXIMUM STACK SIZE           = 0030H     48D

iC-86 COMPILATION COMPLETE.      0 WARNINGS,     0 ERRORS
